Detecting compiler hash for triplet x64-windows...
Compiler found: C:/Program Files/Microsoft Visual Studio/2022/Community/VC/Tools/MSVC/14.39.33519/bin/Hostx64/x64/cl.exe
Detecting compiler hash for triplet x64-windows-static-md...
Compiler found: C:/Program Files/Microsoft Visual Studio/2022/Community/VC/Tools/MSVC/14.39.33519/bin/Hostx64/x64/cl.exe
All requested packages are currently installed.
Total install time: 1 us
abseil provides CMake targets:

  # this is heuristically generated, and may not be correct
  find_package(absl CONFIG REQUIRED)
  # note: 181 additional targets are not displayed.
  target_link_libraries(main PRIVATE absl::any absl::log absl::base absl::bits)

abseil provides pkg-config modules:

  # Abseil absl_check library
  absl_absl_check

  # Abseil absl_log library
  absl_absl_log

  # Abseil absl_vlog_is_on library
  absl_absl_vlog_is_on

  # Abseil algorithm library
  absl_algorithm

  # Abseil algorithm_container library
  absl_algorithm_container

  # Abseil any library
  absl_any

  # Abseil any_invocable library
  absl_any_invocable

  # Abseil atomic_hook library
  absl_atomic_hook

  # Abseil bad_any_cast library
  absl_bad_any_cast

  # Abseil bad_any_cast_impl library
  absl_bad_any_cast_impl

  # Abseil bad_optional_access library
  absl_bad_optional_access

  # Abseil bad_variant_access library
  absl_bad_variant_access

  # Abseil base library
  absl_base

  # Abseil base_internal library
  absl_base_internal

  # Abseil bind_front library
  absl_bind_front

  # Abseil bits library
  absl_bits

  # Abseil btree library
  absl_btree

  # Abseil charset library
  absl_charset

  # Abseil check library
  absl_check

  # Abseil city library
  absl_city

  # Abseil civil_time library
  absl_civil_time

  # Abseil cleanup library
  absl_cleanup

  # Abseil cleanup_internal library
  absl_cleanup_internal

  # Abseil common_policy_traits library
  absl_common_policy_traits

  # Abseil compare library
  absl_compare

  # Abseil compressed_tuple library
  absl_compressed_tuple

  # Abseil config library
  absl_config

  # Abseil container_common library
  absl_container_common

  # Abseil container_memory library
  absl_container_memory

  # Abseil cord library
  absl_cord

  # Abseil cord_internal library
  absl_cord_internal

  # Abseil cordz_functions library
  absl_cordz_functions

  # Abseil cordz_handle library
  absl_cordz_handle

  # Abseil cordz_info library
  absl_cordz_info

  # Abseil cordz_sample_token library
  absl_cordz_sample_token

  # Abseil cordz_statistics library
  absl_cordz_statistics

  # Abseil cordz_update_scope library
  absl_cordz_update_scope

  # Abseil cordz_update_tracker library
  absl_cordz_update_tracker

  # Abseil core_headers library
  absl_core_headers

  # Abseil crc32c library
  absl_crc32c

  # Abseil crc_cord_state library
  absl_crc_cord_state

  # Abseil crc_cpu_detect library
  absl_crc_cpu_detect

  # Abseil crc_internal library
  absl_crc_internal

  # Abseil debugging library
  absl_debugging

  # Abseil debugging_internal library
  absl_debugging_internal

  # Abseil demangle_internal library
  absl_demangle_internal

  # Abseil die_if_null library
  absl_die_if_null

  # Abseil dynamic_annotations library
  absl_dynamic_annotations

  # Abseil endian library
  absl_endian

  # Abseil errno_saver library
  absl_errno_saver

  # Abseil examine_stack library
  absl_examine_stack

  # Abseil exponential_biased library
  absl_exponential_biased

  # Abseil failure_signal_handler library
  absl_failure_signal_handler

  # Abseil fast_type_id library
  absl_fast_type_id

  # Abseil fixed_array library
  absl_fixed_array

  # Abseil flags library
  absl_flags

  # Abseil flags_commandlineflag library
  absl_flags_commandlineflag

  # Abseil flags_commandlineflag_internal library
  absl_flags_commandlineflag_internal

  # Abseil flags_config library
  absl_flags_config

  # Abseil flags_internal library
  absl_flags_internal

  # Abseil flags_marshalling library
  absl_flags_marshalling

  # Abseil flags_parse library
  absl_flags_parse

  # Abseil flags_path_util library
  absl_flags_path_util

  # Abseil flags_private_handle_accessor library
  absl_flags_private_handle_accessor

  # Abseil flags_program_name library
  absl_flags_program_name

  # Abseil flags_reflection library
  absl_flags_reflection

  # Abseil flags_usage library
  absl_flags_usage

  # Abseil flags_usage_internal library
  absl_flags_usage_internal

  # Abseil flat_hash_map library
  absl_flat_hash_map

  # Abseil flat_hash_set library
  absl_flat_hash_set

  # Abseil function_ref library
  absl_function_ref

  # Abseil graphcycles_internal library
  absl_graphcycles_internal

  # Abseil has_ostream_operator library
  absl_has_ostream_operator

  # Abseil hash library
  absl_hash

  # Abseil hash_function_defaults library
  absl_hash_function_defaults

  # Abseil hash_policy_traits library
  absl_hash_policy_traits

  # Abseil hashtable_debug library
  absl_hashtable_debug

  # Abseil hashtable_debug_hooks library
  absl_hashtable_debug_hooks

  # Abseil hashtablez_sampler library
  absl_hashtablez_sampler

  # Abseil if_constexpr library
  absl_if_constexpr

  # Abseil inlined_vector library
  absl_inlined_vector

  # Abseil inlined_vector_internal library
  absl_inlined_vector_internal

  # Abseil int128 library
  absl_int128

  # Abseil kernel_timeout_internal library
  absl_kernel_timeout_internal

  # Abseil layout library
  absl_layout

  # Abseil leak_check library
  absl_leak_check

  # Abseil log library
  absl_log

  # Abseil log_entry library
  absl_log_entry

  # Abseil log_flags library
  absl_log_flags

  # Abseil log_globals library
  absl_log_globals

  # Abseil log_initialize library
  absl_log_initialize

  # Abseil log_internal_append_truncated library
  absl_log_internal_append_truncated

  # Abseil log_internal_check_impl library
  absl_log_internal_check_impl

  # Abseil log_internal_check_op library
  absl_log_internal_check_op

  # Abseil log_internal_conditions library
  absl_log_internal_conditions

  # Abseil log_internal_config library
  absl_log_internal_config

  # Abseil log_internal_flags library
  absl_log_internal_flags

  # Abseil log_internal_fnmatch library
  absl_log_internal_fnmatch

  # Abseil log_internal_format library
  absl_log_internal_format

  # Abseil log_internal_globals library
  absl_log_internal_globals

  # Abseil log_internal_log_impl library
  absl_log_internal_log_impl

  # Abseil log_internal_log_sink_set library
  absl_log_internal_log_sink_set

  # Abseil log_internal_message library
  absl_log_internal_message

  # Abseil log_internal_nullguard library
  absl_log_internal_nullguard

  # Abseil log_internal_nullstream library
  absl_log_internal_nullstream

  # Abseil log_internal_proto library
  absl_log_internal_proto

  # Abseil log_internal_strip library
  absl_log_internal_strip

  # Abseil log_internal_structured library
  absl_log_internal_structured

  # Abseil log_internal_voidify library
  absl_log_internal_voidify

  # Abseil log_severity library
  absl_log_severity

  # Abseil log_sink library
  absl_log_sink

  # Abseil log_sink_registry library
  absl_log_sink_registry

  # Abseil log_streamer library
  absl_log_streamer

  # Abseil log_structured library
  absl_log_structured

  # Abseil low_level_hash library
  absl_low_level_hash

  # Abseil malloc_internal library
  absl_malloc_internal

  # Abseil memory library
  absl_memory

  # Abseil meta library
  absl_meta

  # Abseil no_destructor library
  absl_no_destructor

  # Abseil node_hash_map library
  absl_node_hash_map

  # Abseil node_hash_set library
  absl_node_hash_set

  # Abseil node_slot_policy library
  absl_node_slot_policy

  # Abseil non_temporal_arm_intrinsics library
  absl_non_temporal_arm_intrinsics

  # Abseil non_temporal_memcpy library
  absl_non_temporal_memcpy

  # Abseil nullability library
  absl_nullability

  # Abseil numeric library
  absl_numeric

  # Abseil numeric_representation library
  absl_numeric_representation

  # Abseil optional library
  absl_optional

  # Abseil overload library
  absl_overload

  # Abseil periodic_sampler library
  absl_periodic_sampler

  # Abseil prefetch library
  absl_prefetch

  # Abseil pretty_function library
  absl_pretty_function

  # Abseil random_bit_gen_ref library
  absl_random_bit_gen_ref

  # Abseil random_distributions library
  absl_random_distributions

  # Abseil random_internal_distribution_caller library
  absl_random_internal_distribution_caller

  # Abseil random_internal_distribution_test_util library
  absl_random_internal_distribution_test_util

  # Abseil random_internal_fast_uniform_bits library
  absl_random_internal_fast_uniform_bits

  # Abseil random_internal_fastmath library
  absl_random_internal_fastmath

  # Abseil random_internal_generate_real library
  absl_random_internal_generate_real

  # Abseil random_internal_iostream_state_saver library
  absl_random_internal_iostream_state_saver

  # Abseil random_internal_mock_helpers library
  absl_random_internal_mock_helpers

  # Abseil random_internal_nonsecure_base library
  absl_random_internal_nonsecure_base

  # Abseil random_internal_pcg_engine library
  absl_random_internal_pcg_engine

  # Abseil random_internal_platform library
  absl_random_internal_platform

  # Abseil random_internal_pool_urbg library
  absl_random_internal_pool_urbg

  # Abseil random_internal_randen library
  absl_random_internal_randen

  # Abseil random_internal_randen_engine library
  absl_random_internal_randen_engine

  # Abseil random_internal_randen_hwaes library
  absl_random_internal_randen_hwaes

  # Abseil random_internal_randen_hwaes_impl library
  absl_random_internal_randen_hwaes_impl

  # Abseil random_internal_randen_slow library
  absl_random_internal_randen_slow

  # Abseil random_internal_salted_seed_seq library
  absl_random_internal_salted_seed_seq

  # Abseil random_internal_seed_material library
  absl_random_internal_seed_material

  # Abseil random_internal_traits library
  absl_random_internal_traits

  # Abseil random_internal_uniform_helper library
  absl_random_internal_uniform_helper

  # Abseil random_internal_wide_multiply library
  absl_random_internal_wide_multiply

  # Abseil random_random library
  absl_random_random

  # Abseil random_seed_gen_exception library
  absl_random_seed_gen_exception

  # Abseil random_seed_sequences library
  absl_random_seed_sequences

  # Abseil raw_hash_map library
  absl_raw_hash_map

  # Abseil raw_hash_set library
  absl_raw_hash_set

  # Abseil raw_logging_internal library
  absl_raw_logging_internal

  # Abseil sample_recorder library
  absl_sample_recorder

  # Abseil scoped_set_env library
  absl_scoped_set_env

  # Abseil span library
  absl_span

  # Abseil spinlock_wait library
  absl_spinlock_wait

  # Abseil stacktrace library
  absl_stacktrace

  # Abseil status library
  absl_status

  # Abseil statusor library
  absl_statusor

  # Abseil str_format library
  absl_str_format

  # Abseil str_format_internal library
  absl_str_format_internal

  # Abseil strerror library
  absl_strerror

  # Abseil string_view library
  absl_string_view

  # Abseil strings library
  absl_strings

  # Abseil strings_internal library
  absl_strings_internal

  # Abseil symbolize library
  absl_symbolize

  # Abseil synchronization library
  absl_synchronization

  # Abseil test_allocator library
  absl_test_allocator

  # Abseil throw_delegate library
  absl_throw_delegate

  # Abseil time library
  absl_time

  # Abseil time_zone library
  absl_time_zone

  # Abseil type_traits library
  absl_type_traits

  # Abseil utility library
  absl_utility

  # Abseil variant library
  absl_variant

  # Abseil vlog_config_internal library
  absl_vlog_config_internal

  # Abseil vlog_is_on library
  absl_vlog_is_on

glfw3 provides CMake targets:

  # this is heuristically generated, and may not be correct
  find_package(glfw3 CONFIG REQUIRED)
  target_link_libraries(main PRIVATE glfw)

glfw3 provides pkg-config modules:

  # A multi-platform library for OpenGL, window and input
  glfw3

The package glm provides CMake targets:

    find_package(glm CONFIG REQUIRED)
    target_link_libraries(main PRIVATE glm::glm)

    # Or use the header-only version
    find_package(glm CONFIG REQUIRED)
    target_link_libraries(main PRIVATE glm::glm-header-only)

libsodium provides CMake targets:

  # this is heuristically generated, and may not be correct
  find_package(unofficial-sodium CONFIG REQUIRED)
  target_link_libraries(main PRIVATE unofficial-sodium::sodium)

libsodium provides pkg-config modules:

  # A modern and easy-to-use crypto library
  libsodium

openssl is compatible with built-in CMake targets:

  find_package(OpenSSL REQUIRED)
  target_link_libraries(main PRIVATE OpenSSL::SSL)
  target_link_libraries(main PRIVATE OpenSSL::Crypto)

[Sample port usage]
physx provides CMake targets:

    cmake_minimum_required(VERSION 3.15)

    find_package(unofficial-omniverse-physx-sdk CONFIG REQUIRED)
    target_link_libraries(main PRIVATE unofficial::omniverse-physx-sdk::sdk)

    # Optional: import the defined target to copy over the GPU acceleration libraries (3rd party provided by NVIDIA)
    if(TARGET unofficial::omniverse-physx-sdk::gpu-library)
        if(UNIX)
            # Add rpath setting to find .so libraries on unix based systems
            set_target_properties(main PROPERTIES
                BUILD_WITH_INSTALL_RPATH TRUE
                INSTALL_RPATH "$ORIGIN"
            )
        endif()
        add_custom_command(TARGET main POST_BUILD
                        COMMAND ${CMAKE_COMMAND} -E copy_if_different
                        $<TARGET_FILE:unofficial::omniverse-physx-sdk::gpu-library>
                        $<TARGET_FILE_DIR:main>)
        if(WIN32)
            add_custom_command(TARGET main POST_BUILD
                            COMMAND ${CMAKE_COMMAND} -E copy_if_different
                            $<TARGET_FILE:unofficial::omniverse-physx-sdk::gpu-device-library>
                            $<TARGET_FILE_DIR:main>)
        endif()
    else()
        message(WARNING "GPU acceleration library target not defined - GPU acceleration will NOT be available!")
    endif()

protobuf provides CMake targets:

  # this is heuristically generated, and may not be correct
  find_package(protobuf CONFIG REQUIRED)
  target_link_libraries(main PRIVATE protobuf::libprotoc protobuf::libprotobuf protobuf::libprotobuf-lite)

protobuf provides pkg-config modules:

  # Google's Data Interchange Format
  protobuf-lite

  # Google's Data Interchange Format
  protobuf

The package spdlog provides CMake targets:

    find_package(spdlog CONFIG REQUIRED)
    target_link_libraries(main PRIVATE spdlog::spdlog)

    # Or use the header-only version
    find_package(spdlog CONFIG REQUIRED)
    target_link_libraries(main PRIVATE spdlog::spdlog_header_only)

yaml-cpp provides CMake targets:

  # this is heuristically generated, and may not be correct
  find_package(yaml-cpp CONFIG REQUIRED)
  target_link_libraries(main PRIVATE yaml-cpp::yaml-cpp)

yaml-cpp provides pkg-config modules:

  # A YAML parser and emitter for C++
  yaml-cpp

